{"/home/travis/build/npmtest/node-npmtest-youtube-dl/test.js":{"path":"/home/travis/build/npmtest/node-npmtest-youtube-dl/test.js","s":{"1":2,"2":2,"3":2,"4":2,"5":2,"6":2,"7":2,"8":1,"9":2,"10":2,"11":1,"12":1,"13":1,"14":1,"15":2,"16":2,"17":2,"18":2,"19":1,"20":1,"21":2,"22":2,"23":2,"24":1,"25":1,"26":1,"27":1,"28":1,"29":1,"30":1,"31":1,"32":1,"33":1,"34":1,"35":1,"36":1,"37":2,"38":2,"39":1,"40":2,"41":2,"42":1,"43":2,"44":2,"45":1,"46":2,"47":2,"48":1,"49":1,"50":1,"51":1,"52":1},"b":{"1":[2,1,1,1],"2":[1,1,1,1],"3":[1,1],"4":[1,1],"5":[1,1],"6":[1,1],"7":[1,1],"8":[1,1],"9":[1,1,1],"10":[1,1],"11":[1,1],"12":[1,1],"13":[1,1],"14":[1,1],"15":[1,1],"16":[1,1]},"f":{"1":2,"2":2,"3":2,"4":2,"5":2,"6":1,"7":1,"8":2,"9":2,"10":2,"11":2,"12":1},"fnMap":{"1":{"name":"(anonymous_1)","line":12,"loc":{"start":{"line":12,"column":1},"end":{"line":12,"column":13}}},"2":{"name":"(anonymous_2)","line":19,"loc":{"start":{"line":19,"column":5},"end":{"line":19,"column":17}}},"3":{"name":"(anonymous_3)","line":23,"loc":{"start":{"line":23,"column":24},"end":{"line":23,"column":36}}},"4":{"name":"(anonymous_4)","line":61,"loc":{"start":{"line":61,"column":5},"end":{"line":61,"column":17}}},"5":{"name":"(anonymous_5)","line":82,"loc":{"start":{"line":82,"column":5},"end":{"line":82,"column":17}}},"6":{"name":"(anonymous_6)","line":102,"loc":{"start":{"line":102,"column":83},"end":{"line":105,"column":10}},"skip":true},"7":{"name":"(anonymous_7)","line":113,"loc":{"start":{"line":113,"column":77},"end":{"line":116,"column":10}},"skip":true},"8":{"name":"(anonymous_8)","line":129,"loc":{"start":{"line":129,"column":12},"end":{"line":129,"column":40}},"skip":true},"9":{"name":"(anonymous_9)","line":137,"loc":{"start":{"line":137,"column":77},"end":{"line":140,"column":10}},"skip":true},"10":{"name":"(anonymous_10)","line":148,"loc":{"start":{"line":148,"column":83},"end":{"line":151,"column":10}},"skip":true},"11":{"name":"(anonymous_11)","line":159,"loc":{"start":{"line":159,"column":79},"end":{"line":162,"column":10}},"skip":true},"12":{"name":"(anonymous_12)","line":170,"loc":{"start":{"line":170,"column":75},"end":{"line":173,"column":10}},"skip":true}},"statementMap":{"1":{"start":{"line":12,"column":0},"end":{"line":185,"column":5}},"2":{"start":{"line":14,"column":4},"end":{"line":14,"column":14}},"3":{"start":{"line":19,"column":4},"end":{"line":56,"column":9}},"4":{"start":{"line":21,"column":8},"end":{"line":21,"column":19}},"5":{"start":{"line":23,"column":8},"end":{"line":35,"column":13}},"6":{"start":{"line":24,"column":12},"end":{"line":34,"column":13}},"7":{"start":{"line":25,"column":16},"end":{"line":28,"column":30}},"8":{"start":{"line":30,"column":16},"end":{"line":33,"column":27}},"9":{"start":{"line":37,"column":8},"end":{"line":39,"column":21}},"10":{"start":{"line":40,"column":8},"end":{"line":53,"column":9}},"11":{"start":{"line":43,"column":12},"end":{"line":46,"column":14}},"12":{"start":{"line":47,"column":12},"end":{"line":47,"column":18}},"13":{"start":{"line":50,"column":12},"end":{"line":51,"column":46}},"14":{"start":{"line":52,"column":12},"end":{"line":52,"column":18}},"15":{"start":{"line":55,"column":8},"end":{"line":55,"column":35}},"16":{"start":{"line":61,"column":4},"end":{"line":63,"column":9}},"17":{"start":{"line":62,"column":8},"end":{"line":62,"column":15}},"18":{"start":{"line":64,"column":4},"end":{"line":77,"column":5}},"19":{"start":{"line":70,"column":8},"end":{"line":70,"column":14}},"20":{"start":{"line":76,"column":8},"end":{"line":76,"column":14}},"21":{"start":{"line":82,"column":4},"end":{"line":84,"column":9}},"22":{"start":{"line":83,"column":8},"end":{"line":83,"column":15}},"23":{"start":{"line":85,"column":4},"end":{"line":184,"column":5}},"24":{"start":{"line":92,"column":8},"end":{"line":94,"column":63}},"25":{"start":{"line":95,"column":8},"end":{"line":95,"column":14}},"26":{"start":{"line":102,"column":8},"end":{"line":111,"column":10},"skip":true},"27":{"start":{"line":109,"column":12},"end":{"line":109,"column":55},"skip":true},"28":{"start":{"line":110,"column":12},"end":{"line":110,"column":48},"skip":true},"29":{"start":{"line":113,"column":8},"end":{"line":126,"column":10},"skip":true},"30":{"start":{"line":120,"column":12},"end":{"line":120,"column":76},"skip":true},"31":{"start":{"line":121,"column":12},"end":{"line":121,"column":73},"skip":true},"32":{"start":{"line":122,"column":12},"end":{"line":122,"column":74},"skip":true},"33":{"start":{"line":123,"column":12},"end":{"line":123,"column":79},"skip":true},"34":{"start":{"line":124,"column":12},"end":{"line":124,"column":25},"skip":true},"35":{"start":{"line":125,"column":12},"end":{"line":125,"column":45},"skip":true},"36":{"start":{"line":128,"column":8},"end":{"line":135,"column":14},"skip":true},"37":{"start":{"line":133,"column":16},"end":{"line":133,"column":29},"skip":true},"38":{"start":{"line":134,"column":16},"end":{"line":134,"column":55},"skip":true},"39":{"start":{"line":137,"column":8},"end":{"line":146,"column":10},"skip":true},"40":{"start":{"line":144,"column":12},"end":{"line":144,"column":25},"skip":true},"41":{"start":{"line":145,"column":12},"end":{"line":145,"column":45},"skip":true},"42":{"start":{"line":148,"column":8},"end":{"line":157,"column":10},"skip":true},"43":{"start":{"line":155,"column":12},"end":{"line":155,"column":25},"skip":true},"44":{"start":{"line":156,"column":12},"end":{"line":156,"column":48},"skip":true},"45":{"start":{"line":159,"column":8},"end":{"line":168,"column":10},"skip":true},"46":{"start":{"line":166,"column":12},"end":{"line":166,"column":25},"skip":true},"47":{"start":{"line":167,"column":12},"end":{"line":167,"column":46},"skip":true},"48":{"start":{"line":170,"column":8},"end":{"line":179,"column":10},"skip":true},"49":{"start":{"line":177,"column":12},"end":{"line":177,"column":94},"skip":true},"50":{"start":{"line":178,"column":12},"end":{"line":178,"column":48},"skip":true},"51":{"start":{"line":182,"column":8},"end":{"line":182,"column":35},"skip":true},"52":{"start":{"line":183,"column":8},"end":{"line":183,"column":14},"skip":true}},"branchMap":{"1":{"line":25,"type":"binary-expr","locations":[{"start":{"line":25,"column":23},"end":{"line":25,"column":62}},{"start":{"line":26,"column":20},"end":{"line":26,"column":70}},{"start":{"line":27,"column":20},"end":{"line":27,"column":71}},{"start":{"line":28,"column":20},"end":{"line":28,"column":29}}]},"2":{"line":30,"type":"binary-expr","locations":[{"start":{"line":30,"column":23},"end":{"line":30,"column":37}},{"start":{"line":31,"column":20},"end":{"line":31,"column":61}},{"start":{"line":32,"column":20},"end":{"line":32,"column":70}},{"start":{"line":33,"column":20},"end":{"line":33,"column":26}}]},"3":{"line":37,"type":"cond-expr","locations":[{"start":{"line":38,"column":14},"end":{"line":38,"column":20}},{"start":{"line":39,"column":14},"end":{"line":39,"column":20}}]},"4":{"line":40,"type":"switch","locations":[{"start":{"line":42,"column":8},"end":{"line":47,"column":18}},{"start":{"line":49,"column":8},"end":{"line":52,"column":18}}]},"5":{"line":44,"type":"binary-expr","locations":[{"start":{"line":44,"column":16},"end":{"line":44,"column":44}},{"start":{"line":44,"column":48},"end":{"line":44,"column":66}}]},"6":{"line":50,"type":"binary-expr","locations":[{"start":{"line":50,"column":21},"end":{"line":50,"column":49}},{"start":{"line":50,"column":53},"end":{"line":50,"column":72}}]},"7":{"line":64,"type":"switch","locations":[{"start":{"line":69,"column":4},"end":{"line":70,"column":14}},{"start":{"line":75,"column":4},"end":{"line":76,"column":14}}]},"8":{"line":85,"type":"switch","locations":[{"start":{"line":90,"column":4},"end":{"line":95,"column":14}},{"start":{"line":101,"column":4},"end":{"line":183,"column":14},"skip":true}]},"9":{"line":92,"type":"binary-expr","locations":[{"start":{"line":92,"column":18},"end":{"line":92,"column":32}},{"start":{"line":93,"column":12},"end":{"line":93,"column":53}},{"start":{"line":94,"column":12},"end":{"line":94,"column":61}}]},"10":{"line":102,"type":"binary-expr","locations":[{"start":{"line":102,"column":45},"end":{"line":102,"column":79},"skip":true},{"start":{"line":102,"column":83},"end":{"line":111,"column":9},"skip":true}]},"11":{"line":113,"type":"binary-expr","locations":[{"start":{"line":113,"column":42},"end":{"line":113,"column":73},"skip":true},{"start":{"line":113,"column":77},"end":{"line":126,"column":9},"skip":true}]},"12":{"line":128,"type":"binary-expr","locations":[{"start":{"line":128,"column":48},"end":{"line":128,"column":85},"skip":true},{"start":{"line":129,"column":12},"end":{"line":135,"column":13},"skip":true}]},"13":{"line":137,"type":"binary-expr","locations":[{"start":{"line":137,"column":42},"end":{"line":137,"column":73},"skip":true},{"start":{"line":137,"column":77},"end":{"line":146,"column":9},"skip":true}]},"14":{"line":148,"type":"binary-expr","locations":[{"start":{"line":148,"column":45},"end":{"line":148,"column":79},"skip":true},{"start":{"line":148,"column":83},"end":{"line":157,"column":9},"skip":true}]},"15":{"line":159,"type":"binary-expr","locations":[{"start":{"line":159,"column":43},"end":{"line":159,"column":75},"skip":true},{"start":{"line":159,"column":79},"end":{"line":168,"column":9},"skip":true}]},"16":{"line":170,"type":"binary-expr","locations":[{"start":{"line":170,"column":41},"end":{"line":170,"column":71},"skip":true},{"start":{"line":170,"column":75},"end":{"line":179,"column":9},"skip":true}]}},"code":["/* istanbul instrument in package npmtest_youtube_dl */","/*jslint","    bitwise: true,","    browser: true,","    maxerr: 8,","    maxlen: 96,","    node: true,","    nomen: true,","    regexp: true,","    stupid: true","*/","(function () {","    'use strict';","    var local;","","","","    // run shared js-env code - pre-init","    (function () {","        // init local","        local = {};","        // init modeJs","        local.modeJs = (function () {","            try {","                return typeof navigator.userAgent === 'string' &&","                    typeof document.querySelector('body') === 'object' &&","                    typeof XMLHttpRequest.prototype.open === 'function' &&","                    'browser';","            } catch (errorCaughtBrowser) {","                return module.exports &&","                    typeof process.versions.node === 'string' &&","                    typeof require('http').createServer === 'function' &&","                    'node';","            }","        }());","        // init global","        local.global = local.modeJs === 'browser'","            ? window","            : global;","        switch (local.modeJs) {","        // re-init local from window.local","        case 'browser':","            local = local.global.utility2.objectSetDefault(","                local.global.utility2_rollup || local.global.local,","                local.global.utility2","            );","            break;","        // re-init local from example.js","        case 'node':","            local = (local.global.utility2_rollup || require('utility2'))","                .requireExampleJsFromReadme();","            break;","        }","        // export local","        local.global.local = local;","    }());","","","","    // run shared js-env code - function","    (function () {","        return;","    }());","    switch (local.modeJs) {","","","","    // run browser js-env code - function","    case 'browser':","        break;","","","","    // run node js-env code - function","    case 'node':","        break;","    }","","","","    // run shared js-env code - post-init","    (function () {","        return;","    }());","    switch (local.modeJs) {","","","","    // run browser js-env code - post-init","    case 'browser':","        // run tests","        local.nop(local.modeTest &&","            document.querySelector('#testRunButton1') &&","            document.querySelector('#testRunButton1').click());","        break;","","","","    // run node js-env code - post-init","    /* istanbul ignore next */","    case 'node':","        local.testCase_buildApidoc_default = local.testCase_buildApidoc_default || function (","            options,","            onError","        ) {","        /*","         * this function will test buildApidoc's default handling-behavior-behavior","         */","            options = { modulePathList: module.paths };","            local.buildApidoc(options, onError);","        };","","        local.testCase_buildApp_default = local.testCase_buildApp_default || function (","            options,","            onError","        ) {","        /*","         * this function will test buildApp's default handling-behavior-behavior","         */","            local.testCase_buildReadme_default(options, local.onErrorThrow);","            local.testCase_buildLib_default(options, local.onErrorThrow);","            local.testCase_buildTest_default(options, local.onErrorThrow);","            local.testCase_buildCustomOrg_default(options, local.onErrorThrow);","            options = [];","            local.buildApp(options, onError);","        };","","        local.testCase_buildCustomOrg_default = local.testCase_buildCustomOrg_default ||","            function (options, onError) {","            /*","             * this function will test buildCustomOrg's default handling-behavior","             */","                options = {};","                local.buildCustomOrg(options, onError);","            };","","        local.testCase_buildLib_default = local.testCase_buildLib_default || function (","            options,","            onError","        ) {","        /*","         * this function will test buildLib's default handling-behavior","         */","            options = {};","            local.buildLib(options, onError);","        };","","        local.testCase_buildReadme_default = local.testCase_buildReadme_default || function (","            options,","            onError","        ) {","        /*","         * this function will test buildReadme's default handling-behavior-behavior","         */","            options = {};","            local.buildReadme(options, onError);","        };","","        local.testCase_buildTest_default = local.testCase_buildTest_default || function (","            options,","            onError","        ) {","        /*","         * this function will test buildTest's default handling-behavior","         */","            options = {};","            local.buildTest(options, onError);","        };","","        local.testCase_webpage_default = local.testCase_webpage_default || function (","            options,","            onError","        ) {","        /*","         * this function will test webpage's default handling-behavior","         */","            options = { modeCoverageMerge: true, url: local.serverLocalHost + '?modeTest=1' };","            local.browserTest(options, onError);","        };","","        // run test-server","        local.testRunServer(local);","        break;","    }","}());",""],"l":{"12":2,"14":2,"19":2,"21":2,"23":2,"24":2,"25":2,"30":1,"37":2,"40":2,"43":1,"47":1,"50":1,"52":1,"55":2,"61":2,"62":2,"64":2,"70":1,"76":1,"82":2,"83":2,"85":2,"92":1,"95":1,"102":1,"109":1,"110":1,"113":1,"120":1,"121":1,"122":1,"123":1,"124":1,"125":1,"128":1,"133":2,"134":2,"137":1,"144":2,"145":2,"148":1,"155":2,"156":2,"159":1,"166":2,"167":2,"170":1,"177":1,"178":1,"182":1,"183":1}},"/home/travis/build/npmtest/node-npmtest-youtube-dl/lib.npmtest_youtube_dl.js":{"path":"/home/travis/build/npmtest/node-npmtest-youtube-dl/lib.npmtest_youtube_dl.js","s":{"1":2,"2":2,"3":2,"4":2,"5":2,"6":2,"7":2,"8":1,"9":2,"10":2,"11":2,"12":2,"13":1,"14":1,"15":1,"16":1},"b":{"1":[2,1,1,1],"2":[1,1,1,1],"3":[1,1],"4":[2,2],"5":[1,1]},"f":{"1":2,"2":2,"3":2},"fnMap":{"1":{"name":"(anonymous_1)","line":12,"loc":{"start":{"line":12,"column":1},"end":{"line":12,"column":13}}},"2":{"name":"(anonymous_2)","line":19,"loc":{"start":{"line":19,"column":5},"end":{"line":19,"column":17}}},"3":{"name":"(anonymous_3)","line":23,"loc":{"start":{"line":23,"column":24},"end":{"line":23,"column":36}}}},"statementMap":{"1":{"start":{"line":12,"column":0},"end":{"line":53,"column":5}},"2":{"start":{"line":14,"column":4},"end":{"line":14,"column":14}},"3":{"start":{"line":19,"column":4},"end":{"line":52,"column":9}},"4":{"start":{"line":21,"column":8},"end":{"line":21,"column":19}},"5":{"start":{"line":23,"column":8},"end":{"line":35,"column":13}},"6":{"start":{"line":24,"column":12},"end":{"line":34,"column":13}},"7":{"start":{"line":25,"column":16},"end":{"line":28,"column":30}},"8":{"start":{"line":30,"column":16},"end":{"line":33,"column":27}},"9":{"start":{"line":37,"column":8},"end":{"line":39,"column":21}},"10":{"start":{"line":41,"column":8},"end":{"line":41,"column":54}},"11":{"start":{"line":43,"column":8},"end":{"line":43,"column":55}},"12":{"start":{"line":45,"column":8},"end":{"line":51,"column":9}},"13":{"start":{"line":46,"column":12},"end":{"line":46,"column":61}},"14":{"start":{"line":48,"column":12},"end":{"line":48,"column":35}},"15":{"start":{"line":49,"column":12},"end":{"line":49,"column":49}},"16":{"start":{"line":50,"column":12},"end":{"line":50,"column":43}}},"branchMap":{"1":{"line":25,"type":"binary-expr","locations":[{"start":{"line":25,"column":23},"end":{"line":25,"column":62}},{"start":{"line":26,"column":20},"end":{"line":26,"column":70}},{"start":{"line":27,"column":20},"end":{"line":27,"column":71}},{"start":{"line":28,"column":20},"end":{"line":28,"column":29}}]},"2":{"line":30,"type":"binary-expr","locations":[{"start":{"line":30,"column":23},"end":{"line":30,"column":37}},{"start":{"line":31,"column":20},"end":{"line":31,"column":61}},{"start":{"line":32,"column":20},"end":{"line":32,"column":70}},{"start":{"line":33,"column":20},"end":{"line":33,"column":26}}]},"3":{"line":37,"type":"cond-expr","locations":[{"start":{"line":38,"column":14},"end":{"line":38,"column":20}},{"start":{"line":39,"column":14},"end":{"line":39,"column":20}}]},"4":{"line":41,"type":"binary-expr","locations":[{"start":{"line":41,"column":16},"end":{"line":41,"column":44}},{"start":{"line":41,"column":48},"end":{"line":41,"column":53}}]},"5":{"line":45,"type":"if","locations":[{"start":{"line":45,"column":8},"end":{"line":45,"column":8}},{"start":{"line":45,"column":8},"end":{"line":45,"column":8}}]}},"code":["/* istanbul instrument in package npmtest_youtube_dl */","/*jslint","    bitwise: true,","    browser: true,","    maxerr: 8,","    maxlen: 96,","    node: true,","    nomen: true,","    regexp: true,","    stupid: true","*/","(function () {","    'use strict';","    var local;","","","","    // run shared js-env code - pre-init","    (function () {","        // init local","        local = {};","        // init modeJs","        local.modeJs = (function () {","            try {","                return typeof navigator.userAgent === 'string' &&","                    typeof document.querySelector('body') === 'object' &&","                    typeof XMLHttpRequest.prototype.open === 'function' &&","                    'browser';","            } catch (errorCaughtBrowser) {","                return module.exports &&","                    typeof process.versions.node === 'string' &&","                    typeof require('http').createServer === 'function' &&","                    'node';","            }","        }());","        // init global","        local.global = local.modeJs === 'browser'","            ? window","            : global;","        // init utility2_rollup","        local = local.global.utility2_rollup || local;","        // init lib","        local.local = local.npmtest_youtube_dl = local;","        // init exports","        if (local.modeJs === 'browser') {","            local.global.utility2_npmtest_youtube_dl = local;","        } else {","            module.exports = local;","            module.exports.__dirname = __dirname;","            module.exports.module = module;","        }","    }());","}());",""],"l":{"12":2,"14":2,"19":2,"21":2,"23":2,"24":2,"25":2,"30":1,"37":2,"41":2,"43":2,"45":2,"46":1,"48":1,"49":1,"50":1}},"/home/travis/build/npmtest/node-npmtest-youtube-dl/example.js":{"path":"/home/travis/build/npmtest/node-npmtest-youtube-dl/example.js","s":{"1":2,"2":2,"3":2,"4":2,"5":2,"6":2,"7":2,"8":1,"9":2,"10":2,"11":2,"12":2,"13":1,"14":2,"15":2,"16":2,"17":2,"18":2,"19":0,"20":2,"21":1,"22":1,"23":1,"24":1,"25":1,"26":0,"27":0,"28":1,"29":1,"30":2,"31":0,"32":0,"33":0,"34":1,"35":2,"36":2,"37":2,"38":2,"39":2,"40":2,"41":0,"42":2,"43":2,"44":2,"45":1,"46":3,"47":1,"48":1,"49":1,"50":1,"51":1,"52":1,"53":1,"54":1,"55":1,"56":1,"57":0,"58":1,"59":6,"60":6,"61":1,"62":2,"63":0,"64":2,"65":1,"66":1,"67":0,"68":0,"69":0,"70":0,"71":0,"72":0,"73":0,"74":0,"75":0,"76":0,"77":0,"78":0,"79":0,"80":0,"81":0,"82":0,"83":0},"b":{"1":[2,1,1,1],"2":[1,1,1,1],"3":[1,1],"4":[2,2],"5":[1,1],"6":[1,1],"7":[2,0],"8":[2,1,1,1,1,1],"9":[0,2,0],"10":[1,1],"11":[2,1,1],"12":[1,0],"13":[0,2],"14":[2,0,0,0,0,0,0],"15":[0,2],"16":[2,0],"17":[1,1],"18":[0,1],"19":[1,2,0,2],"20":[1,0],"21":[1,1],"22":[0,0],"23":[0,0],"24":[0,0],"25":[0,0],"26":[0,0],"27":[0,0],"28":[0,0]},"f":{"1":2,"2":2,"3":2,"4":2,"5":2,"6":2,"7":2,"8":2,"9":3,"10":1,"11":6,"12":0},"fnMap":{"1":{"name":"(anonymous_1)","line":26,"loc":{"start":{"line":26,"column":1},"end":{"line":26,"column":13}}},"2":{"name":"(anonymous_2)","line":33,"loc":{"start":{"line":33,"column":5},"end":{"line":33,"column":17}}},"3":{"name":"(anonymous_3)","line":37,"loc":{"start":{"line":37,"column":24},"end":{"line":37,"column":36}}},"4":{"name":"(anonymous_4)","line":69,"loc":{"start":{"line":69,"column":31},"end":{"line":69,"column":48}},"skip":true},"5":{"name":"(anonymous_5)","line":78,"loc":{"start":{"line":78,"column":26},"end":{"line":78,"column":45}},"skip":true},"6":{"name":"(anonymous_6)","line":123,"loc":{"start":{"line":123,"column":33},"end":{"line":123,"column":48}},"skip":true},"7":{"name":"(anonymous_7)","line":125,"loc":{"start":{"line":125,"column":27},"end":{"line":125,"column":39}},"skip":true},"8":{"name":"(anonymous_8)","line":133,"loc":{"start":{"line":133,"column":59},"end":{"line":133,"column":74}},"skip":true},"9":{"name":"(anonymous_9)","line":143,"loc":{"start":{"line":143,"column":45},"end":{"line":143,"column":62}},"skip":true},"10":{"name":"(anonymous_10)","line":144,"loc":{"start":{"line":144,"column":73},"end":{"line":144,"column":92}},"skip":true},"11":{"name":"(anonymous_11)","line":272,"loc":{"start":{"line":272,"column":51},"end":{"line":272,"column":77}},"skip":true},"12":{"name":"(anonymous_12)","line":314,"loc":{"start":{"line":314,"column":32},"end":{"line":314,"column":61}},"skip":true}},"statementMap":{"1":{"start":{"line":26,"column":0},"end":{"line":325,"column":5}},"2":{"start":{"line":28,"column":4},"end":{"line":28,"column":14}},"3":{"start":{"line":33,"column":4},"end":{"line":60,"column":9}},"4":{"start":{"line":35,"column":8},"end":{"line":35,"column":19}},"5":{"start":{"line":37,"column":8},"end":{"line":49,"column":13}},"6":{"start":{"line":38,"column":12},"end":{"line":48,"column":13}},"7":{"start":{"line":39,"column":16},"end":{"line":42,"column":30}},"8":{"start":{"line":44,"column":16},"end":{"line":47,"column":27}},"9":{"start":{"line":51,"column":8},"end":{"line":53,"column":21}},"10":{"start":{"line":55,"column":8},"end":{"line":57,"column":45}},"11":{"start":{"line":59,"column":8},"end":{"line":59,"column":35}},"12":{"start":{"line":61,"column":4},"end":{"line":324,"column":5}},"13":{"start":{"line":69,"column":8},"end":{"line":121,"column":10},"skip":true},"14":{"start":{"line":70,"column":12},"end":{"line":88,"column":13},"skip":true},"15":{"start":{"line":76,"column":16},"end":{"line":87,"column":19},"skip":true},"16":{"start":{"line":79,"column":20},"end":{"line":86,"column":21},"skip":true},"17":{"start":{"line":82,"column":24},"end":{"line":82,"column":43},"skip":true},"18":{"start":{"line":83,"column":24},"end":{"line":83,"column":30},"skip":true},"19":{"start":{"line":85,"column":24},"end":{"line":85,"column":49},"skip":true},"20":{"start":{"line":89,"column":12},"end":{"line":107,"column":13},"skip":true},"21":{"start":{"line":92,"column":16},"end":{"line":102,"column":17},"skip":true},"22":{"start":{"line":93,"column":20},"end":{"line":93,"column":86},"skip":true},"23":{"start":{"line":94,"column":20},"end":{"line":95,"column":45},"skip":true},"24":{"start":{"line":96,"column":20},"end":{"line":96,"column":42},"skip":true},"25":{"start":{"line":97,"column":20},"end":{"line":97,"column":48},"skip":true},"26":{"start":{"line":100,"column":20},"end":{"line":100,"column":85},"skip":true},"27":{"start":{"line":101,"column":20},"end":{"line":101,"column":96},"skip":true},"28":{"start":{"line":103,"column":16},"end":{"line":103,"column":22},"skip":true},"29":{"start":{"line":106,"column":16},"end":{"line":106,"column":22},"skip":true},"30":{"start":{"line":108,"column":12},"end":{"line":120,"column":13},"skip":true},"31":{"start":{"line":114,"column":16},"end":{"line":119,"column":17},"skip":true},"32":{"start":{"line":116,"column":20},"end":{"line":116,"column":78},"skip":true},"33":{"start":{"line":118,"column":20},"end":{"line":118,"column":53},"skip":true},"34":{"start":{"line":123,"column":8},"end":{"line":141,"column":11},"skip":true},"35":{"start":{"line":124,"column":12},"end":{"line":124,"column":54},"skip":true},"36":{"start":{"line":125,"column":12},"end":{"line":140,"column":14},"skip":true},"37":{"start":{"line":126,"column":16},"end":{"line":126,"column":28},"skip":true},"38":{"start":{"line":127,"column":16},"end":{"line":127,"column":69},"skip":true},"39":{"start":{"line":128,"column":16},"end":{"line":128,"column":75},"skip":true},"40":{"start":{"line":129,"column":16},"end":{"line":131,"column":17},"skip":true},"41":{"start":{"line":130,"column":20},"end":{"line":130,"column":27},"skip":true},"42":{"start":{"line":133,"column":16},"end":{"line":137,"column":36},"skip":true},"43":{"start":{"line":134,"column":20},"end":{"line":136,"column":55},"skip":true},"44":{"start":{"line":139,"column":16},"end":{"line":139,"column":57},"skip":true},"45":{"start":{"line":143,"column":8},"end":{"line":147,"column":11},"skip":true},"46":{"start":{"line":144,"column":12},"end":{"line":146,"column":15},"skip":true},"47":{"start":{"line":145,"column":16},"end":{"line":145,"column":70},"skip":true},"48":{"start":{"line":149,"column":8},"end":{"line":149,"column":31},"skip":true},"49":{"start":{"line":150,"column":8},"end":{"line":150,"column":14},"skip":true},"50":{"start":{"line":158,"column":8},"end":{"line":158,"column":31},"skip":true},"51":{"start":{"line":160,"column":8},"end":{"line":160,"column":33},"skip":true},"52":{"start":{"line":161,"column":8},"end":{"line":161,"column":37},"skip":true},"53":{"start":{"line":162,"column":8},"end":{"line":162,"column":35},"skip":true},"54":{"start":{"line":164,"column":8},"end":{"line":164,"column":50},"skip":true},"55":{"start":{"line":166,"column":8},"end":{"line":256,"column":2},"skip":true},"56":{"start":{"line":258,"column":8},"end":{"line":286,"column":9},"skip":true},"57":{"start":{"line":259,"column":12},"end":{"line":269,"column":14},"skip":true},"58":{"start":{"line":271,"column":12},"end":{"line":285,"column":19},"skip":true},"59":{"start":{"line":274,"column":20},"end":{"line":274,"column":35},"skip":true},"60":{"start":{"line":275,"column":20},"end":{"line":284,"column":21},"skip":true},"61":{"start":{"line":277,"column":24},"end":{"line":277,"column":64},"skip":true},"62":{"start":{"line":279,"column":24},"end":{"line":279,"column":40},"skip":true},"63":{"start":{"line":281,"column":24},"end":{"line":281,"column":40},"skip":true},"64":{"start":{"line":283,"column":24},"end":{"line":283,"column":39},"skip":true},"65":{"start":{"line":288,"column":8},"end":{"line":290,"column":9},"skip":true},"66":{"start":{"line":289,"column":12},"end":{"line":289,"column":18},"skip":true},"67":{"start":{"line":291,"column":8},"end":{"line":293,"column":54},"skip":true},"68":{"start":{"line":294,"column":8},"end":{"line":301,"column":37},"skip":true},"69":{"start":{"line":302,"column":8},"end":{"line":302,"column":82},"skip":true},"70":{"start":{"line":305,"column":8},"end":{"line":307,"column":9},"skip":true},"71":{"start":{"line":306,"column":12},"end":{"line":306,"column":82},"skip":true},"72":{"start":{"line":309,"column":8},"end":{"line":311,"column":9},"skip":true},"73":{"start":{"line":310,"column":12},"end":{"line":310,"column":18},"skip":true},"74":{"start":{"line":312,"column":8},"end":{"line":312,"column":54},"skip":true},"75":{"start":{"line":313,"column":8},"end":{"line":313,"column":69},"skip":true},"76":{"start":{"line":314,"column":8},"end":{"line":322,"column":36},"skip":true},"77":{"start":{"line":315,"column":12},"end":{"line":315,"column":61},"skip":true},"78":{"start":{"line":316,"column":12},"end":{"line":319,"column":13},"skip":true},"79":{"start":{"line":317,"column":16},"end":{"line":317,"column":75},"skip":true},"80":{"start":{"line":318,"column":16},"end":{"line":318,"column":23},"skip":true},"81":{"start":{"line":320,"column":12},"end":{"line":320,"column":38},"skip":true},"82":{"start":{"line":321,"column":12},"end":{"line":321,"column":27},"skip":true},"83":{"start":{"line":323,"column":8},"end":{"line":323,"column":14},"skip":true}},"branchMap":{"1":{"line":39,"type":"binary-expr","locations":[{"start":{"line":39,"column":23},"end":{"line":39,"column":62}},{"start":{"line":40,"column":20},"end":{"line":40,"column":70}},{"start":{"line":41,"column":20},"end":{"line":41,"column":71}},{"start":{"line":42,"column":20},"end":{"line":42,"column":29}}]},"2":{"line":44,"type":"binary-expr","locations":[{"start":{"line":44,"column":23},"end":{"line":44,"column":37}},{"start":{"line":45,"column":20},"end":{"line":45,"column":61}},{"start":{"line":46,"column":20},"end":{"line":46,"column":70}},{"start":{"line":47,"column":20},"end":{"line":47,"column":26}}]},"3":{"line":51,"type":"cond-expr","locations":[{"start":{"line":52,"column":14},"end":{"line":52,"column":20}},{"start":{"line":53,"column":14},"end":{"line":53,"column":20}}]},"4":{"line":55,"type":"binary-expr","locations":[{"start":{"line":55,"column":16},"end":{"line":55,"column":44}},{"start":{"line":55,"column":49},"end":{"line":57,"column":43}}]},"5":{"line":55,"type":"cond-expr","locations":[{"start":{"line":56,"column":14},"end":{"line":56,"column":54}},{"start":{"line":57,"column":14},"end":{"line":57,"column":43}}]},"6":{"line":61,"type":"switch","locations":[{"start":{"line":68,"column":4},"end":{"line":150,"column":14},"skip":true},{"start":{"line":156,"column":4},"end":{"line":323,"column":14},"skip":true}]},"7":{"line":70,"type":"if","locations":[{"start":{"line":70,"column":12},"end":{"line":70,"column":12},"skip":true},{"start":{"line":70,"column":12},"end":{"line":70,"column":12},"skip":true}]},"8":{"line":70,"type":"binary-expr","locations":[{"start":{"line":70,"column":16},"end":{"line":70,"column":22},"skip":true},{"start":{"line":70,"column":27},"end":{"line":70,"column":32},"skip":true},{"start":{"line":71,"column":20},"end":{"line":71,"column":39},"skip":true},{"start":{"line":72,"column":20},"end":{"line":72,"column":49},"skip":true},{"start":{"line":73,"column":20},"end":{"line":73,"column":58},"skip":true},{"start":{"line":74,"column":20},"end":{"line":74,"column":69},"skip":true}]},"9":{"line":79,"type":"switch","locations":[{"start":{"line":80,"column":20},"end":{"line":80,"column":33},"skip":true},{"start":{"line":81,"column":20},"end":{"line":83,"column":30},"skip":true},{"start":{"line":84,"column":20},"end":{"line":85,"column":49},"skip":true}]},"10":{"line":89,"type":"switch","locations":[{"start":{"line":90,"column":12},"end":{"line":103,"column":22},"skip":true},{"start":{"line":105,"column":12},"end":{"line":106,"column":22},"skip":true}]},"11":{"line":89,"type":"binary-expr","locations":[{"start":{"line":89,"column":20},"end":{"line":89,"column":25},"skip":true},{"start":{"line":89,"column":29},"end":{"line":89,"column":48},"skip":true},{"start":{"line":89,"column":52},"end":{"line":89,"column":74},"skip":true}]},"12":{"line":92,"type":"if","locations":[{"start":{"line":92,"column":16},"end":{"line":92,"column":16},"skip":true},{"start":{"line":92,"column":16},"end":{"line":92,"column":16},"skip":true}]},"13":{"line":108,"type":"if","locations":[{"start":{"line":108,"column":12},"end":{"line":108,"column":12},"skip":true},{"start":{"line":108,"column":12},"end":{"line":108,"column":12},"skip":true}]},"14":{"line":108,"type":"binary-expr","locations":[{"start":{"line":108,"column":16},"end":{"line":108,"column":61},"skip":true},{"start":{"line":108,"column":66},"end":{"line":108,"column":72},"skip":true},{"start":{"line":108,"column":77},"end":{"line":108,"column":82},"skip":true},{"start":{"line":109,"column":20},"end":{"line":109,"column":39},"skip":true},{"start":{"line":110,"column":20},"end":{"line":110,"column":49},"skip":true},{"start":{"line":111,"column":20},"end":{"line":111,"column":58},"skip":true},{"start":{"line":112,"column":20},"end":{"line":112,"column":68},"skip":true}]},"15":{"line":129,"type":"if","locations":[{"start":{"line":129,"column":16},"end":{"line":129,"column":16},"skip":true},{"start":{"line":129,"column":16},"end":{"line":129,"column":16},"skip":true}]},"16":{"line":134,"type":"cond-expr","locations":[{"start":{"line":135,"column":26},"end":{"line":135,"column":29},"skip":true},{"start":{"line":136,"column":26},"end":{"line":136,"column":54},"skip":true}]},"17":{"line":164,"type":"binary-expr","locations":[{"start":{"line":164,"column":27},"end":{"line":164,"column":43},"skip":true},{"start":{"line":164,"column":47},"end":{"line":164,"column":49},"skip":true}]},"18":{"line":258,"type":"if","locations":[{"start":{"line":258,"column":8},"end":{"line":258,"column":8},"skip":true},{"start":{"line":258,"column":8},"end":{"line":258,"column":8},"skip":true}]},"19":{"line":275,"type":"switch","locations":[{"start":{"line":276,"column":20},"end":{"line":277,"column":64},"skip":true},{"start":{"line":278,"column":20},"end":{"line":279,"column":40},"skip":true},{"start":{"line":280,"column":20},"end":{"line":281,"column":40},"skip":true},{"start":{"line":282,"column":20},"end":{"line":283,"column":39},"skip":true}]},"20":{"line":288,"type":"if","locations":[{"start":{"line":288,"column":8},"end":{"line":288,"column":8},"skip":true},{"start":{"line":288,"column":8},"end":{"line":288,"column":8},"skip":true}]},"21":{"line":288,"type":"binary-expr","locations":[{"start":{"line":288,"column":12},"end":{"line":288,"column":40},"skip":true},{"start":{"line":288,"column":44},"end":{"line":288,"column":67},"skip":true}]},"22":{"line":292,"type":"binary-expr","locations":[{"start":{"line":292,"column":12},"end":{"line":292,"column":50},"skip":true},{"start":{"line":293,"column":12},"end":{"line":293,"column":53},"skip":true}]},"23":{"line":295,"type":"binary-expr","locations":[{"start":{"line":295,"column":12},"end":{"line":295,"column":68},"skip":true},{"start":{"line":296,"column":12},"end":{"line":301,"column":36},"skip":true}]},"24":{"line":302,"type":"binary-expr","locations":[{"start":{"line":302,"column":43},"end":{"line":302,"column":75},"skip":true},{"start":{"line":302,"column":79},"end":{"line":302,"column":81},"skip":true}]},"25":{"line":305,"type":"if","locations":[{"start":{"line":305,"column":8},"end":{"line":305,"column":8},"skip":true},{"start":{"line":305,"column":8},"end":{"line":305,"column":8},"skip":true}]},"26":{"line":309,"type":"if","locations":[{"start":{"line":309,"column":8},"end":{"line":309,"column":8},"skip":true},{"start":{"line":309,"column":8},"end":{"line":309,"column":8},"skip":true}]},"27":{"line":312,"type":"binary-expr","locations":[{"start":{"line":312,"column":27},"end":{"line":312,"column":43},"skip":true},{"start":{"line":312,"column":47},"end":{"line":312,"column":53},"skip":true}]},"28":{"line":316,"type":"if","locations":[{"start":{"line":316,"column":12},"end":{"line":316,"column":12},"skip":true},{"start":{"line":316,"column":12},"end":{"line":316,"column":12},"skip":true}]}},"code":["/*","example.js","","quickstart example","","instruction","    1. save this script as example.js","    2. run the shell command:","        $ npm install npmtest-youtube-dl && PORT=8081 node example.js","    3. play with the browser-demo on http://127.0.0.1:8081","*/","","","","/* istanbul instrument in package npmtest_youtube_dl */","/*jslint","    bitwise: true,","    browser: true,","    maxerr: 8,","    maxlen: 96,","    node: true,","    nomen: true,","    regexp: true,","    stupid: true","*/","(function () {","    'use strict';","    var local;","","","","    // run shared js-env code - pre-init","    (function () {","        // init local","        local = {};","        // init modeJs","        local.modeJs = (function () {","            try {","                return typeof navigator.userAgent === 'string' &&","                    typeof document.querySelector('body') === 'object' &&","                    typeof XMLHttpRequest.prototype.open === 'function' &&","                    'browser';","            } catch (errorCaughtBrowser) {","                return module.exports &&","                    typeof process.versions.node === 'string' &&","                    typeof require('http').createServer === 'function' &&","                    'node';","            }","        }());","        // init global","        local.global = local.modeJs === 'browser'","            ? window","            : global;","        // init utility2_rollup","        local = local.global.utility2_rollup || (local.modeJs === 'browser'","            ? local.global.utility2_npmtest_youtube_dl","            : global.utility2_moduleExports);","        // export local","        local.global.local = local;","    }());","    switch (local.modeJs) {","","","","    // post-init","    // run browser js-env code - post-init","    /* istanbul ignore next */","    case 'browser':","        local.testRunBrowser = function (event) {","            if (!event || (event &&","                    event.currentTarget &&","                    event.currentTarget.className &&","                    event.currentTarget.className.includes &&","                    event.currentTarget.className.includes('onreset'))) {","                // reset output","                Array.from(","                    document.querySelectorAll('body > .resettable')","                ).forEach(function (element) {","                    switch (element.tagName) {","                    case 'INPUT':","                    case 'TEXTAREA':","                        element.value = '';","                        break;","                    default:","                        element.textContent = '';","                    }","                });","            }","            switch (event && event.currentTarget && event.currentTarget.id) {","            case 'testRunButton1':","                // show tests","                if (document.querySelector('#testReportDiv1').style.display === 'none') {","                    document.querySelector('#testReportDiv1').style.display = 'block';","                    document.querySelector('#testRunButton1').textContent =","                        'hide internal test';","                    local.modeTest = true;","                    local.testRunDefault(local);","                // hide tests","                } else {","                    document.querySelector('#testReportDiv1').style.display = 'none';","                    document.querySelector('#testRunButton1').textContent = 'run internal test';","                }","                break;","            // custom-case","            default:","                break;","            }","            if (document.querySelector('#inputTextareaEval1') && (!event || (event &&","                    event.currentTarget &&","                    event.currentTarget.className &&","                    event.currentTarget.className.includes &&","                    event.currentTarget.className.includes('oneval')))) {","                // try to eval input-code","                try {","                    /*jslint evil: true*/","                    eval(document.querySelector('#inputTextareaEval1').value);","                } catch (errorCaught) {","                    console.error(errorCaught.stack);","                }","            }","        };","        // log stderr and stdout to #outputTextareaStdout1","        ['error', 'log'].forEach(function (key) {","            console[key + '_original'] = console[key];","            console[key] = function () {","                var element;","                console[key + '_original'].apply(console, arguments);","                element = document.querySelector('#outputTextareaStdout1');","                if (!element) {","                    return;","                }","                // append text to #outputTextareaStdout1","                element.value += Array.from(arguments).map(function (arg) {","                    return typeof arg === 'string'","                        ? arg","                        : JSON.stringify(arg, null, 4);","                }).join(' ') + '\\n';","                // scroll textarea to bottom","                element.scrollTop = element.scrollHeight;","            };","        });","        // init event-handling","        ['change', 'click', 'keyup'].forEach(function (event) {","            Array.from(document.querySelectorAll('.on' + event)).forEach(function (element) {","                element.addEventListener(event, local.testRunBrowser);","            });","        });","        // run tests","        local.testRunBrowser();","        break;","","","","    // run node js-env code - post-init","    /* istanbul ignore next */","    case 'node':","        // export local","        module.exports = local;","        // require modules","        local.fs = require('fs');","        local.http = require('http');","        local.url = require('url');","        // init assets","        local.assetsDict = local.assetsDict || {};","        /* jslint-ignore-begin */","        local.assetsDict['/assets.index.template.html'] = '\\","<!doctype html>\\n\\","<html lang=\"en\">\\n\\","<head>\\n\\","<meta charset=\"UTF-8\">\\n\\","<meta name=\"viewport\" content=\"width=device-width, initial-scale=1\">\\n\\","<title>{{env.npm_package_name}} (v{{env.npm_package_version}})</title>\\n\\","<style>\\n\\","/*csslint\\n\\","    box-sizing: false,\\n\\","    universal-selector: false\\n\\","*/\\n\\","* {\\n\\","    box-sizing: border-box;\\n\\","}\\n\\","body {\\n\\","    background: #dde;\\n\\","    font-family: Arial, Helvetica, sans-serif;\\n\\","    margin: 2rem;\\n\\","}\\n\\","body > * {\\n\\","    margin-bottom: 1rem;\\n\\","}\\n\\",".utility2FooterDiv {\\n\\","    margin-top: 20px;\\n\\","    text-align: center;\\n\\","}\\n\\","</style>\\n\\","<style>\\n\\","/*csslint\\n\\","*/\\n\\","textarea {\\n\\","    font-family: monospace;\\n\\","    height: 10rem;\\n\\","    width: 100%;\\n\\","}\\n\\","textarea[readonly] {\\n\\","    background: #ddd;\\n\\","}\\n\\","</style>\\n\\","</head>\\n\\","<body>\\n\\","<!-- utility2-comment\\n\\","<div id=\"ajaxProgressDiv1\" style=\"background: #d00; height: 2px; left: 0; margin: 0; padding: 0; position: fixed; top: 0; transition: background 0.5s, width 1.5s; width: 25%;\"></div>\\n\\","utility2-comment -->\\n\\","<h1>\\n\\","<!-- utility2-comment\\n\\","    <a\\n\\","        {{#if env.npm_package_homepage}}\\n\\","        href=\"{{env.npm_package_homepage}}\"\\n\\","        {{/if env.npm_package_homepage}}\\n\\","        target=\"_blank\"\\n\\","    >\\n\\","utility2-comment -->\\n\\","        {{env.npm_package_name}} (v{{env.npm_package_version}})\\n\\","<!-- utility2-comment\\n\\","    </a>\\n\\","utility2-comment -->\\n\\","</h1>\\n\\","<h3>{{env.npm_package_description}}</h3>\\n\\","<!-- utility2-comment\\n\\","<h4><a download href=\"assets.app.js\">download standalone app</a></h4>\\n\\","<button class=\"onclick onreset\" id=\"testRunButton1\">run internal test</button><br>\\n\\","<div id=\"testReportDiv1\" style=\"display: none;\"></div>\\n\\","utility2-comment -->\\n\\","\\n\\","\\n\\","\\n\\","<label>stderr and stdout</label>\\n\\","<textarea class=\"resettable\" id=\"outputTextareaStdout1\" readonly></textarea>\\n\\","<!-- utility2-comment\\n\\","{{#if isRollup}}\\n\\","<script src=\"assets.app.js\"></script>\\n\\","{{#unless isRollup}}\\n\\","utility2-comment -->\\n\\","<script src=\"assets.utility2.rollup.js\"></script>\\n\\","<script src=\"jsonp.utility2._stateInit?callback=window.utility2._stateInit\"></script>\\n\\","<script src=\"assets.npmtest_youtube_dl.rollup.js\"></script>\\n\\","<script src=\"assets.example.js\"></script>\\n\\","<script src=\"assets.test.js\"></script>\\n\\","<!-- utility2-comment\\n\\","{{/if isRollup}}\\n\\","utility2-comment -->\\n\\","<div class=\"utility2FooterDiv\">\\n\\","    [ this app was created with\\n\\","    <a href=\"https://github.com/kaizhu256/node-utility2\" target=\"_blank\">utility2</a>\\n\\","    ]\\n\\","</div>\\n\\","</body>\\n\\","</html>\\n\\","';","        /* jslint-ignore-end */","        if (local.templateRender) {","            local.assetsDict['/'] = local.templateRender(","                local.assetsDict['/assets.index.template.html'],","                {","                    env: local.objectSetDefault(local.env, {","                        npm_package_description: 'the greatest app in the world!',","                        npm_package_name: 'my-app',","                        npm_package_nameAlias: 'my_app',","                        npm_package_version: '0.0.1'","                    })","                }","            );","        } else {","            local.assetsDict['/'] = local.assetsDict['/assets.index.template.html']","                .replace((/\\{\\{env\\.(\\w+?)\\}\\}/g), function (match0, match1) {","                    // jslint-hack","                    String(match0);","                    switch (match1) {","                    case 'npm_package_description':","                        return 'the greatest app in the world!';","                    case 'npm_package_name':","                        return 'my-app';","                    case 'npm_package_nameAlias':","                        return 'my_app';","                    case 'npm_package_version':","                        return '0.0.1';","                    }","                });","        }","        // run the cli","        if (local.global.utility2_rollup || module !== require.main) {","            break;","        }","        local.assetsDict['/assets.example.js'] =","            local.assetsDict['/assets.example.js'] ||","            local.fs.readFileSync(__filename, 'utf8');","        local.assetsDict['/assets.npmtest_youtube_dl.rollup.js'] =","            local.assetsDict['/assets.npmtest_youtube_dl.rollup.js'] ||","            local.fs.readFileSync(","                // buildCustomOrg-hack","                local.npmtest_youtube_dl.__dirname +","                    '/lib.npmtest_youtube_dl.js',","                'utf8'","            ).replace((/^#!/), '//');","        local.assetsDict['/favicon.ico'] = local.assetsDict['/favicon.ico'] || '';","        // if $npm_config_timeout_exit exists,","        // then exit this process after $npm_config_timeout_exit ms","        if (Number(process.env.npm_config_timeout_exit)) {","            setTimeout(process.exit, Number(process.env.npm_config_timeout_exit));","        }","        // start server","        if (local.global.utility2_serverHttp1) {","            break;","        }","        process.env.PORT = process.env.PORT || '8081';","        console.error('server starting on port ' + process.env.PORT);","        local.http.createServer(function (request, response) {","            request.urlParsed = local.url.parse(request.url);","            if (local.assetsDict[request.urlParsed.pathname] !== undefined) {","                response.end(local.assetsDict[request.urlParsed.pathname]);","                return;","            }","            response.statusCode = 404;","            response.end();","        }).listen(process.env.PORT);","        break;","    }","}());",""],"l":{"26":2,"28":2,"33":2,"35":2,"37":2,"38":2,"39":2,"44":1,"51":2,"55":2,"59":2,"61":2,"69":1,"70":2,"76":2,"79":2,"82":2,"83":2,"85":1,"89":2,"92":1,"93":1,"94":1,"96":1,"97":1,"100":1,"101":1,"103":1,"106":1,"108":2,"114":1,"116":1,"118":1,"123":1,"124":2,"125":2,"126":2,"127":2,"128":2,"129":2,"130":1,"133":2,"134":2,"139":2,"143":1,"144":3,"145":1,"149":1,"150":1,"158":1,"160":1,"161":1,"162":1,"164":1,"166":1,"258":1,"259":1,"271":1,"274":6,"275":6,"277":1,"279":2,"281":1,"283":2,"288":1,"289":1,"291":1,"294":1,"302":1,"305":1,"306":1,"309":1,"310":1,"312":1,"313":1,"314":1,"315":1,"316":1,"317":1,"318":1,"320":1,"321":1,"323":1}},"/home/travis/build/npmtest/node-npmtest-youtube-dl/youtube-dl/lib/youtube-dl.js":{"path":"/home/travis/build/npmtest/node-npmtest-youtube-dl/youtube-dl/lib/youtube-dl.js","s":{"1":1,"2":1,"3":1,"4":1,"5":1,"6":1,"7":1,"8":1,"9":1,"10":1,"11":1,"12":1,"13":1,"14":0,"15":0,"16":1,"17":1,"18":1,"19":1,"20":1,"21":1,"22":1,"23":0,"24":0,"25":0,"26":0,"27":0,"28":0,"29":0,"30":0,"31":0,"32":0,"33":0,"34":0,"35":0,"36":0,"37":0,"38":0,"39":0,"40":0,"41":1,"42":0,"43":0,"44":0,"45":0,"46":0,"47":0,"48":0,"49":0,"50":0,"51":1,"52":0,"53":0,"54":0,"55":0,"56":0,"57":0,"58":0,"59":0,"60":0,"61":0,"62":0,"63":0,"64":0,"65":0,"66":0,"67":0,"68":0,"69":0,"70":0,"71":0,"72":0,"73":0,"74":0,"75":0,"76":0,"77":0,"78":0,"79":0,"80":0,"81":0,"82":0,"83":0,"84":0,"85":0,"86":0,"87":0,"88":0,"89":0,"90":0,"91":0,"92":0,"93":0,"94":0,"95":0,"96":1,"97":0,"98":1,"99":0,"100":0,"101":0,"102":0,"103":0,"104":0,"105":0,"106":0,"107":0,"108":0,"109":0,"110":0,"111":1,"112":0,"113":0,"114":0,"115":0,"116":0,"117":0,"118":0,"119":0,"120":0,"121":0,"122":0,"123":0,"124":0,"125":0,"126":0,"127":0,"128":0,"129":0,"130":0,"131":0,"132":1,"133":0,"134":0,"135":0,"136":0,"137":0,"138":0,"139":0,"140":0,"141":0,"142":0,"143":0,"144":1,"145":0,"146":0,"147":0,"148":0,"149":0,"150":0,"151":0,"152":0,"153":0,"154":0,"155":0,"156":0,"157":0,"158":0,"159":0,"160":0,"161":0,"162":0,"163":0,"164":0,"165":1,"166":0,"167":0,"168":0,"169":0,"170":0,"171":0,"172":0,"173":0,"174":0},"b":{"1":[1,0],"2":[0,1],"3":[0,1],"4":[0,0],"5":[0,0],"6":[0,0],"7":[0,0],"8":[0,0],"9":[0,0,0],"10":[0,0],"11":[0,0],"12":[0,0],"13":[0,0],"14":[0,0],"15":[0,0],"16":[0,0],"17":[0,0],"18":[0,0],"19":[0,0],"20":[0,0],"21":[0,0],"22":[0,0],"23":[0,0],"24":[0,0],"25":[0,0],"26":[0,0],"27":[0,0],"28":[0,0],"29":[0,0],"30":[0,0],"31":[0,0],"32":[0,0],"33":[0,0],"34":[0,0],"35":[0,0],"36":[0,0],"37":[0,0],"38":[0,0],"39":[0,0,0,0],"40":[0,0],"41":[0,0],"42":[0,0],"43":[0,0],"44":[0,0],"45":[0,0],"46":[0,0],"47":[0,0],"48":[0,0],"49":[0,0],"50":[0,0],"51":[0,0],"52":[0,0],"53":[0,0],"54":[0,0]},"f":{"1":0,"2":0,"3":0,"4":0,"5":0,"6":0,"7":0,"8":0,"9":0,"10":0,"11":0,"12":0,"13":0,"14":0,"15":0,"16":0,"17":0,"18":0,"19":0,"20":0,"21":0},"fnMap":{"1":{"name":"processData","line":38,"loc":{"start":{"line":38,"column":0},"end":{"line":38,"column":44}}},"2":{"name":"response","line":57,"loc":{"start":{"line":57,"column":21},"end":{"line":57,"column":44}}},"3":{"name":"end","line":75,"loc":{"start":{"line":75,"column":21},"end":{"line":75,"column":36}}},"4":{"name":"(anonymous_4)","line":91,"loc":{"start":{"line":91,"column":28},"end":{"line":91,"column":62}}},"5":{"name":"getInfo","line":105,"loc":{"start":{"line":105,"column":40},"end":{"line":105,"column":68}}},"6":{"name":"call","line":123,"loc":{"start":{"line":123,"column":0},"end":{"line":123,"column":53}}},"7":{"name":"done","line":161,"loc":{"start":{"line":161,"column":38},"end":{"line":161,"column":73}}},"8":{"name":"exec","line":209,"loc":{"start":{"line":209,"column":12},"end":{"line":209,"column":56}}},"9":{"name":"parseInfo","line":219,"loc":{"start":{"line":219,"column":0},"end":{"line":219,"column":25}}},"10":{"name":"get","line":225,"loc":{"start":{"line":225,"column":9},"end":{"line":225,"column":24}}},"11":{"name":"get","line":231,"loc":{"start":{"line":231,"column":9},"end":{"line":231,"column":24}}},"12":{"name":"get","line":237,"loc":{"start":{"line":237,"column":9},"end":{"line":237,"column":24}}},"13":{"name":"getInfo","line":255,"loc":{"start":{"line":255,"column":15},"end":{"line":255,"column":62}}},"14":{"name":"(anonymous_14)","line":267,"loc":{"start":{"line":267,"column":17},"end":{"line":267,"column":29}}},"15":{"name":"done","line":274,"loc":{"start":{"line":274,"column":40},"end":{"line":274,"column":65}}},"16":{"name":"getFormats","line":293,"loc":{"start":{"line":293,"column":18},"end":{"line":293,"column":59}}},"17":{"name":"done","line":302,"loc":{"start":{"line":302,"column":30},"end":{"line":302,"column":61}}},"18":{"name":"mapIt","line":306,"loc":{"start":{"line":306,"column":35},"end":{"line":306,"column":58}}},"19":{"name":"getSubs","line":328,"loc":{"start":{"line":328,"column":15},"end":{"line":328,"column":56}}},"20":{"name":"(anonymous_20)","line":347,"loc":{"start":{"line":347,"column":44},"end":{"line":347,"column":64}}},"21":{"name":"getExtractors","line":366,"loc":{"start":{"line":366,"column":21},"end":{"line":366,"column":77}}}},"statementMap":{"1":{"start":{"line":1,"column":0},"end":{"line":1,"column":50}},"2":{"start":{"line":2,"column":0},"end":{"line":2,"column":30}},"3":{"start":{"line":3,"column":0},"end":{"line":3,"column":32}},"4":{"start":{"line":4,"column":0},"end":{"line":4,"column":31}},"5":{"start":{"line":5,"column":0},"end":{"line":5,"column":32}},"6":{"start":{"line":6,"column":0},"end":{"line":6,"column":37}},"7":{"start":{"line":7,"column":0},"end":{"line":7,"column":35}},"8":{"start":{"line":8,"column":0},"end":{"line":8,"column":34}},"9":{"start":{"line":10,"column":0},"end":{"line":10,"column":72}},"10":{"start":{"line":12,"column":0},"end":{"line":15,"column":1}},"11":{"start":{"line":13,"column":2},"end":{"line":13,"column":57}},"12":{"start":{"line":14,"column":2},"end":{"line":14,"column":98}},"13":{"start":{"line":18,"column":0},"end":{"line":21,"column":1}},"14":{"start":{"line":19,"column":2},"end":{"line":19,"column":91}},"15":{"start":{"line":20,"column":2},"end":{"line":20,"column":18}},"16":{"start":{"line":23,"column":0},"end":{"line":23,"column":28}},"17":{"start":{"line":24,"column":0},"end":{"line":24,"column":29}},"18":{"start":{"line":25,"column":0},"end":{"line":25,"column":73}},"19":{"start":{"line":26,"column":0},"end":{"line":26,"column":85}},"20":{"start":{"line":27,"column":0},"end":{"line":27,"column":54}},"21":{"start":{"line":28,"column":0},"end":{"line":28,"column":64}},"22":{"start":{"line":38,"column":0},"end":{"line":82,"column":1}},"23":{"start":{"line":41,"column":2},"end":{"line":41,"column":50}},"24":{"start":{"line":44,"column":2},"end":{"line":46,"column":4}},"25":{"start":{"line":48,"column":2},"end":{"line":50,"column":3}},"26":{"start":{"line":49,"column":4},"end":{"line":49,"column":51}},"27":{"start":{"line":52,"column":2},"end":{"line":55,"column":5}},"28":{"start":{"line":57,"column":2},"end":{"line":79,"column":5}},"29":{"start":{"line":59,"column":4},"end":{"line":59,"column":59}},"30":{"start":{"line":60,"column":4},"end":{"line":62,"column":5}},"31":{"start":{"line":61,"column":6},"end":{"line":61,"column":23}},"32":{"start":{"line":64,"column":4},"end":{"line":67,"column":5}},"33":{"start":{"line":66,"column":6},"end":{"line":66,"column":43}},"34":{"start":{"line":69,"column":4},"end":{"line":71,"column":5}},"35":{"start":{"line":70,"column":6},"end":{"line":70,"column":78}},"36":{"start":{"line":73,"column":4},"end":{"line":73,"column":30}},"37":{"start":{"line":75,"column":4},"end":{"line":77,"column":7}},"38":{"start":{"line":76,"column":6},"end":{"line":76,"column":53}},"39":{"start":{"line":76,"column":25},"end":{"line":76,"column":51}},"40":{"start":{"line":81,"column":2},"end":{"line":81,"column":22}},"41":{"start":{"line":91,"column":0},"end":{"line":111,"column":2}},"42":{"start":{"line":94,"column":2},"end":{"line":98,"column":5}},"43":{"start":{"line":100,"column":2},"end":{"line":103,"column":3}},"44":{"start":{"line":101,"column":4},"end":{"line":101,"column":43}},"45":{"start":{"line":102,"column":4},"end":{"line":102,"column":18}},"46":{"start":{"line":105,"column":2},"end":{"line":108,"column":5}},"47":{"start":{"line":106,"column":4},"end":{"line":106,"column":50}},"48":{"start":{"line":106,"column":15},"end":{"line":106,"column":48}},"49":{"start":{"line":107,"column":4},"end":{"line":107,"column":39}},"50":{"start":{"line":110,"column":2},"end":{"line":110,"column":16}},"51":{"start":{"line":123,"column":0},"end":{"line":198,"column":1}},"52":{"start":{"line":125,"column":2},"end":{"line":125,"column":19}},"53":{"start":{"line":126,"column":2},"end":{"line":126,"column":23}},"54":{"start":{"line":127,"column":2},"end":{"line":129,"column":3}},"55":{"start":{"line":128,"column":4},"end":{"line":128,"column":46}},"56":{"start":{"line":130,"column":2},"end":{"line":130,"column":26}},"57":{"start":{"line":132,"column":2},"end":{"line":158,"column":3}},"58":{"start":{"line":133,"column":4},"end":{"line":135,"column":5}},"59":{"start":{"line":134,"column":6},"end":{"line":134,"column":20}},"60":{"start":{"line":137,"column":4},"end":{"line":157,"column":5}},"61":{"start":{"line":138,"column":6},"end":{"line":138,"column":26}},"62":{"start":{"line":139,"column":6},"end":{"line":156,"column":7}},"63":{"start":{"line":141,"column":8},"end":{"line":141,"column":45}},"64":{"start":{"line":142,"column":8},"end":{"line":142,"column":39}},"65":{"start":{"line":143,"column":8},"end":{"line":153,"column":9}},"66":{"start":{"line":144,"column":10},"end":{"line":144,"column":60}},"67":{"start":{"line":147,"column":10},"end":{"line":147,"column":61}},"68":{"start":{"line":148,"column":10},"end":{"line":152,"column":11}},"69":{"start":{"line":149,"column":12},"end":{"line":149,"column":95}},"70":{"start":{"line":149,"column":61},"end":{"line":149,"column":93}},"71":{"start":{"line":150,"column":12},"end":{"line":150,"column":29}},"72":{"start":{"line":151,"column":12},"end":{"line":151,"column":31}},"73":{"start":{"line":155,"column":8},"end":{"line":155,"column":25}},"74":{"start":{"line":161,"column":2},"end":{"line":196,"column":5}},"75":{"start":{"line":162,"column":4},"end":{"line":165,"column":5}},"76":{"start":{"line":163,"column":6},"end":{"line":163,"column":67}},"77":{"start":{"line":163,"column":49},"end":{"line":163,"column":65}},"78":{"start":{"line":164,"column":6},"end":{"line":164,"column":46}},"79":{"start":{"line":164,"column":23},"end":{"line":164,"column":44}},"80":{"start":{"line":167,"column":4},"end":{"line":191,"column":5}},"81":{"start":{"line":169,"column":6},"end":{"line":181,"column":7}},"82":{"start":{"line":170,"column":8},"end":{"line":170,"column":14}},"83":{"start":{"line":171,"column":8},"end":{"line":171,"column":31}},"84":{"start":{"line":173,"column":8},"end":{"line":175,"column":9}},"85":{"start":{"line":174,"column":10},"end":{"line":174,"column":73}},"86":{"start":{"line":174,"column":47},"end":{"line":174,"column":71}},"87":{"start":{"line":177,"column":8},"end":{"line":177,"column":30}},"88":{"start":{"line":179,"column":8},"end":{"line":179,"column":65}},"89":{"start":{"line":183,"column":6},"end":{"line":189,"column":7}},"90":{"start":{"line":184,"column":8},"end":{"line":184,"column":35}},"91":{"start":{"line":185,"column":13},"end":{"line":189,"column":7}},"92":{"start":{"line":186,"column":8},"end":{"line":186,"column":29}},"93":{"start":{"line":188,"column":8},"end":{"line":188,"column":52}},"94":{"start":{"line":193,"column":4},"end":{"line":193,"column":44}},"95":{"start":{"line":195,"column":4},"end":{"line":195,"column":25}},"96":{"start":{"line":209,"column":0},"end":{"line":212,"column":2}},"97":{"start":{"line":211,"column":2},"end":{"line":211,"column":48}},"98":{"start":{"line":219,"column":0},"end":{"line":244,"column":1}},"99":{"start":{"line":221,"column":2},"end":{"line":221,"column":30}},"100":{"start":{"line":224,"column":2},"end":{"line":229,"column":5}},"101":{"start":{"line":226,"column":6},"end":{"line":226,"column":74}},"102":{"start":{"line":227,"column":6},"end":{"line":227,"column":28}},"103":{"start":{"line":230,"column":2},"end":{"line":235,"column":5}},"104":{"start":{"line":232,"column":6},"end":{"line":232,"column":70}},"105":{"start":{"line":233,"column":6},"end":{"line":233,"column":28}},"106":{"start":{"line":236,"column":2},"end":{"line":241,"column":5}},"107":{"start":{"line":238,"column":6},"end":{"line":238,"column":73}},"108":{"start":{"line":239,"column":6},"end":{"line":239,"column":41}},"109":{"start":{"line":242,"column":2},"end":{"line":242,"column":53}},"110":{"start":{"line":243,"column":2},"end":{"line":243,"column":14}},"111":{"start":{"line":255,"column":0},"end":{"line":285,"column":2}},"112":{"start":{"line":257,"column":2},"end":{"line":264,"column":3}},"113":{"start":{"line":258,"column":4},"end":{"line":258,"column":23}},"114":{"start":{"line":259,"column":4},"end":{"line":259,"column":17}},"115":{"start":{"line":260,"column":9},"end":{"line":264,"column":3}},"116":{"start":{"line":261,"column":4},"end":{"line":261,"column":20}},"117":{"start":{"line":262,"column":4},"end":{"line":262,"column":17}},"118":{"start":{"line":263,"column":4},"end":{"line":263,"column":14}},"119":{"start":{"line":265,"column":2},"end":{"line":265,"column":36}},"120":{"start":{"line":266,"column":2},"end":{"line":272,"column":3}},"121":{"start":{"line":268,"column":8},"end":{"line":268,"column":44}},"122":{"start":{"line":270,"column":4},"end":{"line":270,"column":27}},"123":{"start":{"line":271,"column":4},"end":{"line":271,"column":29}},"124":{"start":{"line":274,"column":2},"end":{"line":284,"column":5}},"125":{"start":{"line":275,"column":4},"end":{"line":275,"column":38}},"126":{"start":{"line":275,"column":15},"end":{"line":275,"column":36}},"127":{"start":{"line":276,"column":4},"end":{"line":276,"column":13}},"128":{"start":{"line":277,"column":4},"end":{"line":281,"column":5}},"129":{"start":{"line":278,"column":6},"end":{"line":278,"column":33}},"130":{"start":{"line":280,"column":6},"end":{"line":280,"column":27}},"131":{"start":{"line":283,"column":4},"end":{"line":283,"column":55}},"132":{"start":{"line":293,"column":0},"end":{"line":317,"column":2}},"133":{"start":{"line":295,"column":2},"end":{"line":295,"column":71}},"134":{"start":{"line":297,"column":2},"end":{"line":300,"column":3}},"135":{"start":{"line":298,"column":4},"end":{"line":298,"column":20}},"136":{"start":{"line":299,"column":4},"end":{"line":299,"column":14}},"137":{"start":{"line":302,"column":2},"end":{"line":316,"column":5}},"138":{"start":{"line":303,"column":4},"end":{"line":303,"column":38}},"139":{"start":{"line":303,"column":15},"end":{"line":303,"column":36}},"140":{"start":{"line":305,"column":4},"end":{"line":305,"column":58}},"141":{"start":{"line":306,"column":4},"end":{"line":313,"column":7}},"142":{"start":{"line":307,"column":8},"end":{"line":312,"column":10}},"143":{"start":{"line":315,"column":4},"end":{"line":315,"column":28}},"144":{"start":{"line":328,"column":0},"end":{"line":359,"column":2}},"145":{"start":{"line":330,"column":2},"end":{"line":333,"column":3}},"146":{"start":{"line":331,"column":4},"end":{"line":331,"column":23}},"147":{"start":{"line":332,"column":4},"end":{"line":332,"column":17}},"148":{"start":{"line":335,"column":2},"end":{"line":335,"column":33}},"149":{"start":{"line":336,"column":2},"end":{"line":336,"column":64}},"150":{"start":{"line":337,"column":2},"end":{"line":339,"column":3}},"151":{"start":{"line":338,"column":4},"end":{"line":338,"column":28}},"152":{"start":{"line":340,"column":2},"end":{"line":342,"column":3}},"153":{"start":{"line":341,"column":4},"end":{"line":341,"column":44}},"154":{"start":{"line":343,"column":2},"end":{"line":345,"column":3}},"155":{"start":{"line":344,"column":4},"end":{"line":344,"column":31}},"156":{"start":{"line":347,"column":2},"end":{"line":358,"column":5}},"157":{"start":{"line":348,"column":4},"end":{"line":348,"column":38}},"158":{"start":{"line":348,"column":15},"end":{"line":348,"column":36}},"159":{"start":{"line":350,"column":4},"end":{"line":350,"column":19}},"160":{"start":{"line":351,"column":4},"end":{"line":356,"column":5}},"161":{"start":{"line":352,"column":6},"end":{"line":352,"column":25}},"162":{"start":{"line":353,"column":6},"end":{"line":355,"column":7}},"163":{"start":{"line":354,"column":8},"end":{"line":354,"column":35}},"164":{"start":{"line":357,"column":4},"end":{"line":357,"column":26}},"165":{"start":{"line":366,"column":0},"end":{"line":380,"column":2}},"166":{"start":{"line":368,"column":2},"end":{"line":375,"column":3}},"167":{"start":{"line":369,"column":4},"end":{"line":369,"column":23}},"168":{"start":{"line":370,"column":4},"end":{"line":370,"column":17}},"169":{"start":{"line":371,"column":9},"end":{"line":375,"column":3}},"170":{"start":{"line":372,"column":4},"end":{"line":372,"column":28}},"171":{"start":{"line":373,"column":4},"end":{"line":373,"column":17}},"172":{"start":{"line":374,"column":4},"end":{"line":374,"column":25}},"173":{"start":{"line":377,"column":2},"end":{"line":378,"column":57}},"174":{"start":{"line":379,"column":2},"end":{"line":379,"column":44}}},"branchMap":{"1":{"line":12,"type":"if","locations":[{"start":{"line":12,"column":0},"end":{"line":12,"column":0}},{"start":{"line":12,"column":0},"end":{"line":12,"column":0}}]},"2":{"line":14,"type":"cond-expr","locations":[{"start":{"line":14,"column":32},"end":{"line":14,"column":44}},{"start":{"line":14,"column":47},"end":{"line":14,"column":97}}]},"3":{"line":18,"type":"if","locations":[{"start":{"line":18,"column":0},"end":{"line":18,"column":0}},{"start":{"line":18,"column":0},"end":{"line":18,"column":0}}]},"4":{"line":41,"type":"cond-expr","locations":[{"start":{"line":41,"column":30},"end":{"line":41,"column":34}},{"start":{"line":41,"column":37},"end":{"line":41,"column":49}}]},"5":{"line":48,"type":"if","locations":[{"start":{"line":48,"column":2},"end":{"line":48,"column":2}},{"start":{"line":48,"column":2},"end":{"line":48,"column":2}}]},"6":{"line":48,"type":"binary-expr","locations":[{"start":{"line":48,"column":6},"end":{"line":48,"column":13}},{"start":{"line":48,"column":17},"end":{"line":48,"column":34}}]},"7":{"line":60,"type":"if","locations":[{"start":{"line":60,"column":4},"end":{"line":60,"column":4}},{"start":{"line":60,"column":4},"end":{"line":60,"column":4}}]},"8":{"line":64,"type":"if","locations":[{"start":{"line":64,"column":4},"end":{"line":64,"column":4}},{"start":{"line":64,"column":4},"end":{"line":64,"column":4}}]},"9":{"line":64,"type":"binary-expr","locations":[{"start":{"line":64,"column":8},"end":{"line":64,"column":15}},{"start":{"line":64,"column":19},"end":{"line":64,"column":36}},{"start":{"line":64,"column":40},"end":{"line":64,"column":62}}]},"10":{"line":69,"type":"if","locations":[{"start":{"line":69,"column":4},"end":{"line":69,"column":4}},{"start":{"line":69,"column":4},"end":{"line":69,"column":4}}]},"11":{"line":69,"type":"binary-expr","locations":[{"start":{"line":69,"column":8},"end":{"line":69,"column":30}},{"start":{"line":69,"column":34},"end":{"line":69,"column":56}}]},"12":{"line":76,"type":"if","locations":[{"start":{"line":76,"column":6},"end":{"line":76,"column":6}},{"start":{"line":76,"column":6},"end":{"line":76,"column":6}}]},"13":{"line":100,"type":"if","locations":[{"start":{"line":100,"column":2},"end":{"line":100,"column":2}},{"start":{"line":100,"column":2},"end":{"line":100,"column":2}}]},"14":{"line":106,"type":"if","locations":[{"start":{"line":106,"column":4},"end":{"line":106,"column":4}},{"start":{"line":106,"column":4},"end":{"line":106,"column":4}}]},"15":{"line":127,"type":"if","locations":[{"start":{"line":127,"column":2},"end":{"line":127,"column":2}},{"start":{"line":127,"column":2},"end":{"line":127,"column":2}}]},"16":{"line":130,"type":"binary-expr","locations":[{"start":{"line":130,"column":12},"end":{"line":130,"column":19}},{"start":{"line":130,"column":23},"end":{"line":130,"column":25}}]},"17":{"line":132,"type":"if","locations":[{"start":{"line":132,"column":2},"end":{"line":132,"column":2}},{"start":{"line":132,"column":2},"end":{"line":132,"column":2}}]},"18":{"line":133,"type":"if","locations":[{"start":{"line":133,"column":4},"end":{"line":133,"column":4}},{"start":{"line":133,"column":4},"end":{"line":133,"column":4}}]},"19":{"line":139,"type":"if","locations":[{"start":{"line":139,"column":6},"end":{"line":139,"column":6}},{"start":{"line":139,"column":6},"end":{"line":139,"column":6}}]},"20":{"line":142,"type":"binary-expr","locations":[{"start":{"line":142,"column":17},"end":{"line":142,"column":32}},{"start":{"line":142,"column":36},"end":{"line":142,"column":38}}]},"21":{"line":143,"type":"if","locations":[{"start":{"line":143,"column":8},"end":{"line":143,"column":8}},{"start":{"line":143,"column":8},"end":{"line":143,"column":8}}]},"22":{"line":148,"type":"if","locations":[{"start":{"line":148,"column":10},"end":{"line":148,"column":10}},{"start":{"line":148,"column":10},"end":{"line":148,"column":10}}]},"23":{"line":149,"type":"if","locations":[{"start":{"line":149,"column":12},"end":{"line":149,"column":12}},{"start":{"line":149,"column":12},"end":{"line":149,"column":12}}]},"24":{"line":149,"type":"binary-expr","locations":[{"start":{"line":149,"column":17},"end":{"line":149,"column":34}},{"start":{"line":149,"column":39},"end":{"line":149,"column":57}}]},"25":{"line":162,"type":"if","locations":[{"start":{"line":162,"column":4},"end":{"line":162,"column":4}},{"start":{"line":162,"column":4},"end":{"line":162,"column":4}}]},"26":{"line":163,"type":"if","locations":[{"start":{"line":163,"column":6},"end":{"line":163,"column":6}},{"start":{"line":163,"column":6},"end":{"line":163,"column":6}}]},"27":{"line":164,"type":"if","locations":[{"start":{"line":164,"column":6},"end":{"line":164,"column":6}},{"start":{"line":164,"column":6},"end":{"line":164,"column":6}}]},"28":{"line":167,"type":"if","locations":[{"start":{"line":167,"column":4},"end":{"line":167,"column":4}},{"start":{"line":167,"column":4},"end":{"line":167,"column":4}}]},"29":{"line":167,"type":"binary-expr","locations":[{"start":{"line":167,"column":8},"end":{"line":167,"column":14}},{"start":{"line":167,"column":18},"end":{"line":167,"column":27}}]},"30":{"line":169,"type":"if","locations":[{"start":{"line":169,"column":6},"end":{"line":169,"column":6}},{"start":{"line":169,"column":6},"end":{"line":169,"column":6}}]},"31":{"line":169,"type":"binary-expr","locations":[{"start":{"line":169,"column":10},"end":{"line":169,"column":25}},{"start":{"line":169,"column":29},"end":{"line":169,"column":55}}]},"32":{"line":174,"type":"if","locations":[{"start":{"line":174,"column":10},"end":{"line":174,"column":10}},{"start":{"line":174,"column":10},"end":{"line":174,"column":10}}]},"33":{"line":183,"type":"if","locations":[{"start":{"line":183,"column":6},"end":{"line":183,"column":6}},{"start":{"line":183,"column":6},"end":{"line":183,"column":6}}]},"34":{"line":183,"type":"binary-expr","locations":[{"start":{"line":183,"column":10},"end":{"line":183,"column":30}},{"start":{"line":183,"column":34},"end":{"line":183,"column":64}}]},"35":{"line":185,"type":"if","locations":[{"start":{"line":185,"column":13},"end":{"line":185,"column":13}},{"start":{"line":185,"column":13},"end":{"line":185,"column":13}}]},"36":{"line":257,"type":"if","locations":[{"start":{"line":257,"column":2},"end":{"line":257,"column":2}},{"start":{"line":257,"column":2},"end":{"line":257,"column":2}}]},"37":{"line":260,"type":"if","locations":[{"start":{"line":260,"column":9},"end":{"line":260,"column":9}},{"start":{"line":260,"column":9},"end":{"line":260,"column":9}}]},"38":{"line":266,"type":"if","locations":[{"start":{"line":266,"column":2},"end":{"line":266,"column":2}},{"start":{"line":266,"column":2},"end":{"line":266,"column":2}}]},"39":{"line":266,"type":"binary-expr","locations":[{"start":{"line":266,"column":6},"end":{"line":266,"column":11}},{"start":{"line":266,"column":15},"end":{"line":266,"column":37}},{"start":{"line":266,"column":41},"end":{"line":266,"column":69}},{"start":{"line":267,"column":6},"end":{"line":269,"column":8}}]},"40":{"line":275,"type":"if","locations":[{"start":{"line":275,"column":4},"end":{"line":275,"column":4}},{"start":{"line":275,"column":4},"end":{"line":275,"column":4}}]},"41":{"line":283,"type":"cond-expr","locations":[{"start":{"line":283,"column":39},"end":{"line":283,"column":46}},{"start":{"line":283,"column":49},"end":{"line":283,"column":53}}]},"42":{"line":297,"type":"if","locations":[{"start":{"line":297,"column":2},"end":{"line":297,"column":2}},{"start":{"line":297,"column":2},"end":{"line":297,"column":2}}]},"43":{"line":303,"type":"if","locations":[{"start":{"line":303,"column":4},"end":{"line":303,"column":4}},{"start":{"line":303,"column":4},"end":{"line":303,"column":4}}]},"44":{"line":305,"type":"binary-expr","locations":[{"start":{"line":305,"column":23},"end":{"line":305,"column":41}},{"start":{"line":305,"column":45},"end":{"line":305,"column":57}}]},"45":{"line":330,"type":"if","locations":[{"start":{"line":330,"column":2},"end":{"line":330,"column":2}},{"start":{"line":330,"column":2},"end":{"line":330,"column":2}}]},"46":{"line":336,"type":"cond-expr","locations":[{"start":{"line":336,"column":40},"end":{"line":336,"column":47}},{"start":{"line":336,"column":50},"end":{"line":336,"column":52}}]},"47":{"line":337,"type":"if","locations":[{"start":{"line":337,"column":2},"end":{"line":337,"column":2}},{"start":{"line":337,"column":2},"end":{"line":337,"column":2}}]},"48":{"line":340,"type":"if","locations":[{"start":{"line":340,"column":2},"end":{"line":340,"column":2}},{"start":{"line":340,"column":2},"end":{"line":340,"column":2}}]},"49":{"line":343,"type":"if","locations":[{"start":{"line":343,"column":2},"end":{"line":343,"column":2}},{"start":{"line":343,"column":2},"end":{"line":343,"column":2}}]},"50":{"line":348,"type":"if","locations":[{"start":{"line":348,"column":4},"end":{"line":348,"column":4}},{"start":{"line":348,"column":4},"end":{"line":348,"column":4}}]},"51":{"line":353,"type":"if","locations":[{"start":{"line":353,"column":6},"end":{"line":353,"column":6}},{"start":{"line":353,"column":6},"end":{"line":353,"column":6}}]},"52":{"line":368,"type":"if","locations":[{"start":{"line":368,"column":2},"end":{"line":368,"column":2}},{"start":{"line":368,"column":2},"end":{"line":368,"column":2}}]},"53":{"line":371,"type":"if","locations":[{"start":{"line":371,"column":9},"end":{"line":371,"column":9}},{"start":{"line":371,"column":9},"end":{"line":371,"column":9}}]},"54":{"line":377,"type":"cond-expr","locations":[{"start":{"line":378,"column":4},"end":{"line":378,"column":32}},{"start":{"line":378,"column":35},"end":{"line":378,"column":56}}]}},"code":["var execFile  = require('child_process').execFile;","var fs        = require('fs');","var path      = require('path');","var url       = require('url');","var http      = require('http');","var streamify = require('streamify');","var request   = require('request');","var util      = require('./util');","","var detailsPath = path.join(__dirname, '..', 'bin/details'), ytdlBinary;","","if (fs.existsSync(detailsPath)) {","  var details = JSON.parse(fs.readFileSync(detailsPath));","  ytdlBinary = (details.path) ? details.path : path.resolve(__dirname, '..', 'bin', details.exec);","}","","// Check that youtube-dl file exists.","if (!fs.existsSync(ytdlBinary)) {","  console.log('ERROR: unable to locate youtube-dl details in ' + path.dirname(ytdlBinary));","  process.exit(1);","}","","var isDebug = /^\\[debug\\] /;","var isWarning = /^WARNING: /;","var isYouTubeRegex = /^(https?:\\/\\/)?(www\\.)?(youtube\\.com|youtu\\.be)\\//;","var isNoSubsRegex = /WARNING: video doesn't have subtitles|no closed captions found/;","var videoNotAvailable = /This video is not available/;","var subsRegex = /--write-sub|--write-srt|--srt-lang|--all-subs/;","","/**"," * Processes data"," *"," * @param {Object} data"," * @param {Object} options"," * @param {Object} stream"," */","","function processData(data, options, stream) {","","  'use strict';","  var item = (!data.length) ? data : data.shift();","","  // fix for pause/resume downloads","  var headers = {","    'Host': url.parse(item.url).hostname","  };","","  if (options && options.start > 0) {","    headers.Range = 'bytes=' + options.start + '-';","  }","","  var req = request({","    url: item.url,","    headers: headers","  });","","  req.on('response', function response(res) {","","    var size = parseInt(res.headers['content-length'], 10);","    if (size) {","      item.size = size;","    }","","    if (options && options.start > 0 && res.statusCode === 416) {","      // the file that is being resumed is complete.","      return stream.emit('complete', item);","    }","","    if (res.statusCode !== 200 && res.statusCode !== 206) {","      return stream.emit('error', new Error('status code ' + res.statusCode));","    }","","    stream.emit('info', item);","","    stream.on('end', function end() {","      if (data.length) { stream.emit('next', data); }","    });","","  });","","  stream.resolve(req);","}","","/**"," * Downloads a video."," *"," * @param {String} videoUrl"," * @param {!Array.<String>} args"," * @param {!Object} options"," */","var ytdl = module.exports = function(videoUrl, args, options) {","","  'use strict';","  var stream = streamify({","    superCtor: http.ClientResponse,","    readable: true,","    writable: false","  });","","  if (typeof videoUrl !== 'string') {","    processData(videoUrl, options, stream);","    return stream;","  }","","  ytdl.getInfo(videoUrl, args, options, function getInfo(err, data) {","    if (err) { return stream.emit('error', err); }","    processData(data, options, stream);","  });","","  return stream;","};","","/**"," * Calls youtube-dl with some arguments and the `callback`"," * gets called with the output."," *"," * @param {String|Array.<String>}"," * @param {Array.<String>} args"," * @param {Array.<String>} args2"," * @param {Object} options"," * @param {Function(!Error, String)} callback"," */","function call(urls, args1, args2, options, callback) {","  'use strict';","  var args = args1;","  var passOver = false;","  if (args2) {","    args = args.concat(util.parseOpts(args2));","  }","  options = options || {};","","  if (urls !== null) {","    if (typeof urls === 'string') {","      urls = [urls];","    }","","    for (var i = 0; i < urls.length; i++) {","      var video = urls[i];","      if (isYouTubeRegex.test(video)) {","        // Get possible IDs.","        var details = url.parse(video, true);","        var id = details.query.v || '';","        if (id) {","          args.push('http://www.youtube.com/watch?v=' + id);","        } else {","          // Get possible IDs for youtu.be from urladdr.","          id = details.pathname.slice(1).replace(/^v\\//, '');","          if (id) {","            if ((id === 'playlist') && !options.maxBuffer) { options.maxBuffer = 7000 * 1024; }","            args.push(video);","            args.unshift('-i');","          }","        }","      } else {","        args.push(video);","      }","    }","  }","","  // Call youtube-dl.","  execFile(ytdlBinary, args, options, function done(err, stdout, stderr) {","    if (err) {","      if (videoNotAvailable.test(err.message)) { passOver = true; }","      if (!passOver) { return callback(err); }","    }","","    if (stderr && !passOver) {","      // Try once to download video if no subtitles available","      if (!options.nosubs && isNoSubsRegex.test(stderr)) {","        var i;","        var cleanupOpt = args2;","","        for (i = cleanupOpt.length - 1; i >= 0; i--) {","          if (subsRegex.test(cleanupOpt[i])) { cleanupOpt.splice(i, 1); }","        }","","        options.nosubs = true;","","        return call(video, args1, cleanupOpt, options, callback);","","      }","","      if (isDebug.test(stderr) && args.indexOf('--verbose') > -1) {","        console.log('\\n' + stderr);","      } else if (isWarning.test(stderr)) {","        console.warn(stderr);","      } else {","        return callback(new Error(stderr.slice(7)));","      }","","    }","","    var data = stdout.trim().split(/\\r?\\n/);","","    callback(null, data);","  });","","}","","/**"," * Calls youtube-dl with some arguments and the `callback`"," * gets called with the output."," *"," * @param {String} url"," * @param {Array.<String>} args"," * @param {Object} options"," * @param {Function(!Error, String)} callback"," */","ytdl.exec = function exec(url, args, options, callback) {","  'use strict';","  return call(url, [], args, options, callback);","};","","","/**"," * @param {Object} data"," * @returns {Object}"," */","function parseInfo(data) {","  'use strict';","  var info = JSON.parse(data);","","  // Add and process some entries to keep backwards compatibility","  Object.defineProperty(info, 'filename', {","    get: function get() {","      console.warn('`info.filename` is deprecated, use `info._filename`');","      return info._filename;","    }","  });","  Object.defineProperty(info, 'itag', {","    get: function get() {","      console.warn('`info.itag` is deprecated, use `info.format_id`');","      return info.format_id;","    }","  });","  Object.defineProperty(info, 'resolution', {","    get: function get() {","      console.warn('`info.resolution` is deprecated, use `info.format`');","      return info.format.split(' - ')[1];","    }","  });","  info.duration = util.formatDuration(info.duration);","  return info;","}","","","/**"," * Gets info from a video."," *"," * @param {String} url"," * @param {Array.<String>} args"," * @param {Object} options"," * @param {Function(!Error, Object)} callback"," */","ytdl.getInfo = function getInfo(url, args, options, callback) {","  'use strict';","  if (typeof options === 'function') {","    callback = options;","    options = {};","  } else if (typeof args === 'function') {","    callback = args;","    options = {};","    args = [];","  }","  var defaultArgs = ['--dump-json'];","  if (!args || args.indexOf('-f') < 0 && args.indexOf('--format') < 0 &&","      args.every(function(a) {","        return a.indexOf('--format=') !== 0;","      })) {","    defaultArgs.push('-f');","    defaultArgs.push('best');","  }","","  call(url, defaultArgs, args, options, function done(err, data) {","    if (err) { return callback(err); }","    var info;","    try {","      info = data.map(parseInfo);","    } catch (err) {","      return callback(err);","    }","","    callback(null, info.length === 1 ? info[0] : info);","  });","};","","","/**"," * @param {String} url"," * @param {!Array.<String>} args"," * @param {Function(!Error, Object)} callback"," */","ytdl.getFormats = function getFormats(url, args, callback) {","  'use strict';","  console.warn('`getFormats()` is deprecated. Please use `getInfo()`');","","  if (typeof args === 'function') {","    callback = args;","    args = [];","  }","","  ytdl.getInfo(url, args, {}, function done(err, video_info) {","    if (err) { return callback(err); }","","    var formats_info = video_info.formats || [video_info];","    var formats = formats_info.map(function mapIt(format) {","        return {","          id: video_info.id,","          itag: format.format_id,","          filetype: format.ext,","          resolution: format.format.split(' - ')[1].split(' (')[0],","        };","    });","","    callback(null, formats);","  });","};","","/**"," * @param {String} url"," * @param {Object} options"," *   {Boolean} auto"," *   {Boolean} all"," *   {String} lang"," *   {String} cwd"," * @param {Function(!Error, Object)} callback"," */","ytdl.getSubs = function getSubs(url, options, callback) {","  'use strict';","  if (typeof options === 'function') {","    callback = options;","    options = {};","  }","","  var args = ['--skip-download'];","  args.push('--write' + (options.auto ? '-auto' : '') + '-sub');","  if (options.all) {","    args.push('--all-subs');","  }","  if (options.lang) {","    args.push('--sub-lang=' + options.lang);","  }","  if (!options.warrning) {","    args.push('--no-warnings');","  }","","  call(url, args, [], { cwd: options.cwd }, function(err, data) {","    if (err) { return callback(err); }","","    var files = [];","    for (var i = 0, len = data.length; i < len; i++) {","      var line = data[i];","      if (line.indexOf('[info] Writing video subtitles to: ') === 0) {","        files.push(line.slice(35));","      }","    }","    callback(null, files);","  });","};","","/**"," * @param {!Boolean} descriptions"," * @param {!Object} options"," * @param {Function(!Error, Object)} callback"," */","ytdl.getExtractors = function getExtractors(descriptions, options, callback) {","  'use strict';","  if (typeof options === 'function') {","    callback = options;","    options = {};","  } else if (typeof descriptions === 'function') {","    callback = descriptions;","    options = {};","    descriptions = false;","  }","","  var args = descriptions ?","    ['--extractor-descriptions'] : ['--list-extractors'];","  call(null, args, null, options, callback);","};",""],"l":{"1":1,"2":1,"3":1,"4":1,"5":1,"6":1,"7":1,"8":1,"10":1,"12":1,"13":1,"14":1,"18":1,"19":0,"20":0,"23":1,"24":1,"25":1,"26":1,"27":1,"28":1,"38":1,"41":0,"44":0,"48":0,"49":0,"52":0,"57":0,"59":0,"60":0,"61":0,"64":0,"66":0,"69":0,"70":0,"73":0,"75":0,"76":0,"81":0,"91":1,"94":0,"100":0,"101":0,"102":0,"105":0,"106":0,"107":0,"110":0,"123":1,"125":0,"126":0,"127":0,"128":0,"130":0,"132":0,"133":0,"134":0,"137":0,"138":0,"139":0,"141":0,"142":0,"143":0,"144":0,"147":0,"148":0,"149":0,"150":0,"151":0,"155":0,"161":0,"162":0,"163":0,"164":0,"167":0,"169":0,"170":0,"171":0,"173":0,"174":0,"177":0,"179":0,"183":0,"184":0,"185":0,"186":0,"188":0,"193":0,"195":0,"209":1,"211":0,"219":1,"221":0,"224":0,"226":0,"227":0,"230":0,"232":0,"233":0,"236":0,"238":0,"239":0,"242":0,"243":0,"255":1,"257":0,"258":0,"259":0,"260":0,"261":0,"262":0,"263":0,"265":0,"266":0,"268":0,"270":0,"271":0,"274":0,"275":0,"276":0,"277":0,"278":0,"280":0,"283":0,"293":1,"295":0,"297":0,"298":0,"299":0,"302":0,"303":0,"305":0,"306":0,"307":0,"315":0,"328":1,"330":0,"331":0,"332":0,"335":0,"336":0,"337":0,"338":0,"340":0,"341":0,"343":0,"344":0,"347":0,"348":0,"350":0,"351":0,"352":0,"353":0,"354":0,"357":0,"366":1,"368":0,"369":0,"370":0,"371":0,"372":0,"373":0,"374":0,"377":0,"379":0}},"/home/travis/build/npmtest/node-npmtest-youtube-dl/youtube-dl/lib/util.js":{"path":"/home/travis/build/npmtest/node-npmtest-youtube-dl/youtube-dl/lib/util.js","s":{"1":1,"2":1,"3":0,"4":0,"5":0,"6":0,"7":0,"8":1,"9":0,"10":0,"11":0,"12":0,"13":0,"14":0,"15":0,"16":0,"17":0},"b":{"1":[0,0],"2":[0,0],"3":[0,0]},"f":{"1":0,"2":0},"fnMap":{"1":{"name":"(anonymous_1)","line":33,"loc":{"start":{"line":33,"column":20},"end":{"line":33,"column":35}}},"2":{"name":"(anonymous_2)","line":50,"loc":{"start":{"line":50,"column":25},"end":{"line":50,"column":43}}}},"statementMap":{"1":{"start":{"line":3,"column":0},"end":{"line":25,"column":2}},"2":{"start":{"line":33,"column":0},"end":{"line":41,"column":2}},"3":{"start":{"line":34,"column":2},"end":{"line":34,"column":10}},"4":{"start":{"line":35,"column":2},"end":{"line":39,"column":3}},"5":{"start":{"line":36,"column":4},"end":{"line":38,"column":5}},"6":{"start":{"line":37,"column":6},"end":{"line":37,"column":26}},"7":{"start":{"line":40,"column":2},"end":{"line":40,"column":14}},"8":{"start":{"line":50,"column":0},"end":{"line":62,"column":2}},"9":{"start":{"line":51,"column":2},"end":{"line":51,"column":17}},"10":{"start":{"line":52,"column":2},"end":{"line":52,"column":27}},"11":{"start":{"line":53,"column":2},"end":{"line":53,"column":41}},"12":{"start":{"line":54,"column":2},"end":{"line":60,"column":3}},"13":{"start":{"line":55,"column":4},"end":{"line":55,"column":29}},"14":{"start":{"line":56,"column":4},"end":{"line":56,"column":41}},"15":{"start":{"line":57,"column":4},"end":{"line":59,"column":5}},"16":{"start":{"line":58,"column":8},"end":{"line":58,"column":26}},"17":{"start":{"line":61,"column":2},"end":{"line":61,"column":35}}},"branchMap":{"1":{"line":36,"type":"if","locations":[{"start":{"line":36,"column":4},"end":{"line":36,"column":4}},{"start":{"line":36,"column":4},"end":{"line":36,"column":4}}]},"2":{"line":54,"type":"if","locations":[{"start":{"line":54,"column":2},"end":{"line":54,"column":2}},{"start":{"line":54,"column":2},"end":{"line":54,"column":2}}]},"3":{"line":57,"type":"if","locations":[{"start":{"line":57,"column":4},"end":{"line":57,"column":4}},{"start":{"line":57,"column":4},"end":{"line":57,"column":4}}]}},"code":["// Arguments we dont want users to use with youtube-dl","// because they will break the module.","var badArgs = [","  '-h', '--help',","  '-v', '--version',","  '-U', '--update',","  '-q', '--quiet',","  '-s', '--simulate',","  '-g', '--get-url',","  '-e', '--get-title',","  '--get-id',","  '--get-thumbnail',","  '--get-description',","  '--get-duration',","  '--get-filename',","  '--get-format',","  '-j', '--dump-json',","  '--newline',","  '--no-progress',","  '--console-title',","  '-v', '--verbose',","  '--dump-intermediate-pages',","  '--write-pages',","  '--print-traffic',","];","","/**"," * Helps parse options used in youtube-dl command."," *"," * @param {Array.<String>}"," * @return {Array.<String>}"," */","exports.parseOpts = function(args) {","  var pos;","  for (var i = 0, len = badArgs.length; i < len; i++) {","    if ((pos = args.indexOf(badArgs[i])) !== -1) {","      args.splice(pos, 1);","    }","  }","  return args;","};","","","/**"," * Converts seconds to format hh:mm:ss"," *"," * @param {Number} seconds"," * @return {String}"," */","exports.formatDuration = function(seconds) {","  var parts = [];","  parts.push(seconds % 60);","  var minutes = Math.floor(seconds / 60);","  if (minutes > 0) {","    parts.push(minutes % 60);","    var hours = Math.floor(minutes / 60);","    if (hours > 0) {","        parts.push(hours);","    }","  }","  return parts.reverse().join(':');","};",""],"l":{"3":1,"33":1,"34":0,"35":0,"36":0,"37":0,"40":0,"50":1,"51":0,"52":0,"53":0,"54":0,"55":0,"56":0,"57":0,"58":0,"61":0}}}